<?xml version="1.0" encoding="UTF-8"?>
<testng-results ignored="0" total="1" passed="1" failed="0" skipped="0">
  <reporter-output>
  </reporter-output>
  <suite started-at="2025-04-02T20:22:41 IST" name="Default suite" finished-at="2025-04-02T20:22:46 IST" duration-ms="4230">
    <groups>
    </groups>
    <test started-at="2025-04-02T20:22:41 IST" name="Default test" finished-at="2025-04-02T20:22:46 IST" duration-ms="4230">
      <class name="TestCases.TC1">
        <test-method is-config="true" signature="setup()[pri:0, instance:TestCases.TC1@d3957fe]" started-at="2025-04-02T20:22:41 IST" name="setup" finished-at="2025-04-02T20:22:45 IST" duration-ms="4180" status="PASS">
          <reporter-output>
          </reporter-output>
        </test-method> <!-- setup -->
        <test-method signature="test01RegisterUser()[pri:0, instance:TestCases.TC1@d3957fe]" started-at="2025-04-02T20:22:46 IST" name="test01RegisterUser" finished-at="2025-04-02T20:22:46 IST" duration-ms="14" status="PASS">
          <reporter-output>
          </reporter-output>
        </test-method> <!-- test01RegisterUser -->
        <test-method is-config="true" signature="tearDown()[pri:0, instance:TestCases.TC1@d3957fe]" started-at="2025-04-02T20:22:46 IST" name="tearDown" finished-at="2025-04-02T20:22:46 IST" duration-ms="1" status="PASS">
          <reporter-output>
          </reporter-output>
        </test-method> <!-- tearDown -->
      </class> <!-- TestCases.TC1 -->
    </test> <!-- Default test -->
  </suite> <!-- Default suite -->
</testng-results>
